<?xml version="1.0" encoding="UTF-8"?>
<testsuite name="Cucumber" time="36.613" tests="3" skipped="0" failures="1" errors="0">
<testcase classname="Login" name="Succesfull login with valid credentials" time="6.694">
<system-out><![CDATA[
Given user launch chrome browser............................................passed
When user opens URL "https://www.saucedemo.com/"............................passed
And user enters email as "standard_user" and password as "secret_sauce".....passed
And click on login button...................................................passed
Then page title should be "Swag Labs".......................................passed
When user clicks on logout button...........................................passed
Then page title should be "Swag Labs".......................................passed
And close browser...........................................................passed
]]></system-out>
</testcase>
<testcase classname="Login" name="Succesfull login with set of credentials - #1.1" time="4.959">
<system-out><![CDATA[
Given user launch chrome browser............................................passed
When user opens URL "https://www.saucedemo.com/"............................passed
And user enters email as "standard_user" and password as "secret_sauce".....passed
And click on login button...................................................passed
Then page title should be "Swag Labs".......................................passed
When user clicks on logout button...........................................passed
Then page title should be "Swag Labs".......................................passed
And close browser...........................................................passed
]]></system-out>
</testcase>
<testcase classname="Login" name="Succesfull login with set of credentials - #1.2" time="24.821">
<failure type="org.openqa.selenium.NoSuchElementException" message="no such element: Unable to locate element: {&quot;method&quot;:&quot;xpath&quot;,&quot;selector&quot;:&quot;//button[text()='Open Menu']&quot;}
  (Session info: chrome=129.0.6668.90)
For documentation on this error, please visit: https://www.selenium.dev/documentation/webdriver/troubleshooting/errors#no-such-element-exception
Build info: version: '4.24.0', revision: '748ffc9bc3'
System info: os.name: 'Windows 11', os.arch: 'amd64', os.version: '10.0', java.version: '21.0.2'
Driver info: org.openqa.selenium.chrome.ChromeDriver
Command: [e7e74707a05a75cb8db42a7aab5b624a, findElement {value=//button[text()='Open Menu'], using=xpath}]
Capabilities {acceptInsecureCerts: false, browserName: chrome, browserVersion: 129.0.6668.90, chrome: {chromedriverVersion: 129.0.6668.89 (951c0b97221f..., userDataDir: C:\Users\RAHULJ~1\AppData\L...}, fedcm:accounts: true, goog:chromeOptions: {debuggerAddress: localhost:58752}, networkConnectionEnabled: false, pageLoadStrategy: normal, platformName: windows, proxy: Proxy(), se:cdp: ws://localhost:58752/devtoo..., se:cdpVersion: 129.0.6668.90, setWindowRect: true, strictFileInteractability: false, timeouts: {implicit: 0, pageLoad: 300000, script: 30000}, unhandledPromptBehavior: dismiss and notify, webauthn:extension:credBlob: true, webauthn:extension:largeBlob: true, webauthn:extension:minPinLength: true, webauthn:extension:prf: true, webauthn:virtualAuthenticators: true}
Session ID: e7e74707a05a75cb8db42a7aab5b624a">
<![CDATA[org.openqa.selenium.NoSuchElementException: no such element: Unable to locate element: {"method":"xpath","selector":"//button[text()='Open Menu']"}
  (Session info: chrome=129.0.6668.90)
For documentation on this error, please visit: https://www.selenium.dev/documentation/webdriver/troubleshooting/errors#no-such-element-exception
Build info: version: '4.24.0', revision: '748ffc9bc3'
System info: os.name: 'Windows 11', os.arch: 'amd64', os.version: '10.0', java.version: '21.0.2'
Driver info: org.openqa.selenium.chrome.ChromeDriver
Command: [e7e74707a05a75cb8db42a7aab5b624a, findElement {value=//button[text()='Open Menu'], using=xpath}]
Capabilities {acceptInsecureCerts: false, browserName: chrome, browserVersion: 129.0.6668.90, chrome: {chromedriverVersion: 129.0.6668.89 (951c0b97221f..., userDataDir: C:\Users\RAHULJ~1\AppData\L...}, fedcm:accounts: true, goog:chromeOptions: {debuggerAddress: localhost:58752}, networkConnectionEnabled: false, pageLoadStrategy: normal, platformName: windows, proxy: Proxy(), se:cdp: ws://localhost:58752/devtoo..., se:cdpVersion: 129.0.6668.90, setWindowRect: true, strictFileInteractability: false, timeouts: {implicit: 0, pageLoad: 300000, script: 30000}, unhandledPromptBehavior: dismiss and notify, webauthn:extension:credBlob: true, webauthn:extension:largeBlob: true, webauthn:extension:minPinLength: true, webauthn:extension:prf: true, webauthn:virtualAuthenticators: true}
Session ID: e7e74707a05a75cb8db42a7aab5b624a
	at java.base/jdk.internal.reflect.DirectConstructorHandleAccessor.newInstance(DirectConstructorHandleAccessor.java:62)
	at java.base/java.lang.reflect.Constructor.newInstanceWithCaller(Constructor.java:502)
	at java.base/java.lang.reflect.Constructor.newInstance(Constructor.java:486)
	at org.openqa.selenium.remote.ErrorCodec.decode(ErrorCodec.java:167)
	at org.openqa.selenium.remote.codec.w3c.W3CHttpResponseCodec.decode(W3CHttpResponseCodec.java:138)
	at org.openqa.selenium.remote.codec.w3c.W3CHttpResponseCodec.decode(W3CHttpResponseCodec.java:50)
	at org.openqa.selenium.remote.HttpCommandExecutor.execute(HttpCommandExecutor.java:190)
	at org.openqa.selenium.remote.service.DriverCommandExecutor.invokeExecute(DriverCommandExecutor.java:216)
	at org.openqa.selenium.remote.service.DriverCommandExecutor.execute(DriverCommandExecutor.java:174)
	at org.openqa.selenium.remote.RemoteWebDriver.execute(RemoteWebDriver.java:545)
	at org.openqa.selenium.remote.ElementLocation$ElementFinder$2.findElement(ElementLocation.java:165)
	at org.openqa.selenium.remote.ElementLocation.findElement(ElementLocation.java:59)
	at org.openqa.selenium.remote.RemoteWebDriver.findElement(RemoteWebDriver.java:368)
	at org.openqa.selenium.remote.RemoteWebDriver.findElement(RemoteWebDriver.java:362)
	at org.openqa.selenium.support.pagefactory.DefaultElementLocator.findElement(DefaultElementLocator.java:68)
	at org.openqa.selenium.support.pagefactory.internal.LocatingElementHandler.invoke(LocatingElementHandler.java:38)
	at jdk.proxy2/jdk.proxy2.$Proxy37.click(Unknown Source)
	at pageObjects.HomePage.clickOnMenu(HomePage.java:29)
	at stepDefinitions.LoginStepDefs.user_clicks_on_logout_button(LoginStepDefs.java:83)
	at âœ½.user clicks on logout button(file:///C:/Ajay/Selenium/SelProjects/NopCommerceBDD/./FeatureFiles/Login.feature:19)
]]>
</failure>
<system-out><![CDATA[
Given user launch chrome browser............................................passed
When user opens URL "https://www.saucedemo.com/"............................passed
And user enters email as "test" and password as "secret_sauce"..............passed
And click on login button...................................................passed
Then page title should be "Swag Labs".......................................passed
When user clicks on logout button...........................................failed
Then page title should be "Swag Labs".......................................skipped
And close browser...........................................................skipped
]]></system-out>
</testcase>
</testsuite>
